<?xml version="1.0" encoding="utf-8"?><testsuites name="pytest tests"><testsuite name="pytest" errors="0" failures="0" skipped="0" tests="6" time="0.931" timestamp="2026-03-05T09:06:30.533149+00:00" hostname="agent-env-9ee415d8-d6dd-46b4-82b0-d8dc9847f447"><testcase classname="tests.test_health.TestHealthEndpoint" name="test_health_endpoint_returns_200" time="0.247" /><testcase classname="tests.test_health.TestHealthEndpoint" name="test_health_endpoint_returns_json" time="0.105" /><testcase classname="tests.test_health.TestHealthEndpoint" name="test_health_endpoint_has_status_field" time="0.101" /><testcase classname="tests.test_health.TestHealthEndpoint" name="test_health_endpoint_has_app_field" time="0.136" /><testcase classname="tests.test_health.TestRootEndpoint" name="test_root_endpoint_returns_200" time="0.111" /><testcase classname="tests.test_health.TestRootEndpoint" name="test_root_endpoint_has_message" time="0.135" /></testsuite></testsuites>